<?xml version="1.0" encoding="UTF-8"?>
<!-- Generated by org.testng.reporters.JUnitXMLReporter -->
<testsuite hostname="r90ngunv.nehta.net.au" ignored="0" name="Default test" tests="4" failures="0" timestamp="01 May 2018 06:40:33 GMT" time="3.067" errors="0">
  <testcase name="downloadsAllFilesInCategory" time="0.465" classname="com.github.dionmcm.ncts.syndication.client.clientTest"/>
  <testcase name="downloadsLatestInCategory" time="0.049" classname="com.github.dionmcm.ncts.syndication.client.clientTest"/>
  <testcase name="hashMismatchInSyndicationThrowsException" time="0.053" classname="com.github.dionmcm.ncts.syndication.client.clientTest"/>
  <testcase name="downloadsFilesFromMultipleCategories" time="0.138" classname="com.github.dionmcm.ncts.syndication.client.clientTest"/>
</testsuite> <!-- Default test -->
